2021-11-24 00:08:21,982 INFO o.a.j.u.JMeterUtils: Setting Locale to en_US
2021-11-24 00:08:22,023 INFO o.a.j.JMeter: Loading user properties from: /shared/.bzt/jmeter-taurus/5.2.1/bin/user.properties
2021-11-24 00:08:22,023 INFO o.a.j.JMeter: Loading system properties from: system.properties
2021-11-24 00:08:22,023 INFO o.a.j.JMeter: Loading additional properties from: /tmp/artifacts/jmeter-bzt.properties
2021-11-24 00:08:22,026 INFO o.a.j.JMeter: Setting System properties from file: /tmp/artifacts/system.properties
2021-11-24 00:08:22,031 INFO o.a.j.JMeter: Copyright (c) 1998-2019 The Apache Software Foundation
2021-11-24 00:08:22,031 INFO o.a.j.JMeter: Version 5.2.1
2021-11-24 00:08:22,031 INFO o.a.j.JMeter: java.version=1.8.0_292
2021-11-24 00:08:22,032 INFO o.a.j.JMeter: java.vm.name=OpenJDK 64-Bit Server VM
2021-11-24 00:08:22,032 INFO o.a.j.JMeter: os.name=Linux
2021-11-24 00:08:22,032 INFO o.a.j.JMeter: os.arch=amd64
2021-11-24 00:08:22,032 INFO o.a.j.JMeter: os.version=4.15.0-142-generic
2021-11-24 00:08:22,032 INFO o.a.j.JMeter: file.encoding=UTF-8
2021-11-24 00:08:22,032 INFO o.a.j.JMeter: java.awt.headless=true
2021-11-24 00:08:22,032 INFO o.a.j.JMeter: Max memory     =6934757376
2021-11-24 00:08:22,032 INFO o.a.j.JMeter: Available Processors =2
2021-11-24 00:08:22,046 INFO o.a.j.JMeter: Default Locale=English (United States)
2021-11-24 00:08:22,046 INFO o.a.j.JMeter: JMeter  Locale=English (United States)
2021-11-24 00:08:22,047 INFO o.a.j.JMeter: JMeterHome=/shared/.bzt/jmeter-taurus/5.2.1
2021-11-24 00:08:22,047 INFO o.a.j.JMeter: user.dir  =/tmp/artifacts
2021-11-24 00:08:22,047 INFO o.a.j.JMeter: PWD       =/tmp/artifacts
2021-11-24 00:08:22,047 INFO o.a.j.JMeter: IP: 172.17.0.2 Name: 5a784fdcbf94 FullName: 5a784fdcbf94
2021-11-24 00:08:22,047 INFO o.a.j.JMeter: user.classpath=/tmp/artifacts:/tmp/artifacts
2021-11-24 00:08:22,048 INFO o.a.j.JMeter: Adding to classpath and loader: /tmp/artifacts
2021-11-24 00:08:22,051 INFO o.a.j.JMeter: Adding to classpath and loader: /tmp/artifacts
2021-11-24 00:08:22,064 INFO o.a.j.s.FileServer: Default base='/tmp/artifacts'
2021-11-24 00:08:22,084 INFO o.a.j.s.FileServer: Set new base='/tmp/artifacts'
2021-11-24 00:08:22,459 INFO o.a.j.s.SaveService: Testplan (JMX) version: 2.2. Testlog (JTL) version: 2.2
2021-11-24 00:08:22,482 INFO o.a.j.s.SaveService: Using SaveService properties file encoding UTF-8
2021-11-24 00:08:22,500 INFO o.a.j.s.SaveService: Using SaveService properties version 5.0
2021-11-24 00:08:22,518 INFO o.a.j.s.SaveService: Loading file: /tmp/artifacts/modified_requests.jmx
2021-11-24 00:08:22,641 INFO o.a.j.p.h.c.CacheManager: Will only cache the following methods: [GET]
2021-11-24 00:08:22,643 INFO o.a.j.p.h.c.CookieManager: Settings: Delete null: true Check: true Allow variable: true Save: false Prefix: COOKIE_
2021-11-24 00:08:22,689 INFO o.a.j.p.h.s.HTTPSamplerBase: Parser for text/html is org.apache.jmeter.protocol.http.parser.LagartoBasedHtmlParser
2021-11-24 00:08:22,689 INFO o.a.j.p.h.s.HTTPSamplerBase: Parser for application/xhtml+xml is org.apache.jmeter.protocol.http.parser.LagartoBasedHtmlParser
2021-11-24 00:08:22,690 INFO o.a.j.p.h.s.HTTPSamplerBase: Parser for application/xml is org.apache.jmeter.protocol.http.parser.LagartoBasedHtmlParser
2021-11-24 00:08:22,690 INFO o.a.j.p.h.s.HTTPSamplerBase: Parser for text/xml is org.apache.jmeter.protocol.http.parser.LagartoBasedHtmlParser
2021-11-24 00:08:22,690 INFO o.a.j.p.h.s.HTTPSamplerBase: Parser for text/vnd.wap.wml is org.apache.jmeter.protocol.http.parser.RegexpHTMLParser
2021-11-24 00:08:22,698 INFO o.a.j.p.h.s.HTTPSamplerBase: Parser for text/css is org.apache.jmeter.protocol.http.parser.CssParser
2021-11-24 00:08:22,835 INFO o.a.j.e.StandardJMeterEngine: Running the test!
2021-11-24 00:08:22,847 INFO o.a.j.s.SampleEvent: List of sample_variables: []
2021-11-24 00:08:22,847 INFO o.a.j.s.SampleEvent: List of sample_variables: []
2021-11-24 00:08:22,857 INFO o.a.j.e.u.CompoundVariable: Note: Function class names must contain the string: '.functions.'
2021-11-24 00:08:22,857 INFO o.a.j.e.u.CompoundVariable: Note: Function class names must not contain the string: '.gui.'
2021-11-24 00:08:22,874 INFO o.a.j.JMeter: Starting Beanshell server (9000,)
2021-11-24 00:08:24,227 INFO o.a.j.JMeter: Running test (1637712504226)
2021-11-24 00:08:24,331 INFO o.a.j.e.StandardJMeterEngine: Starting ThreadGroup: 1 : default-scenario
2021-11-24 00:08:24,332 INFO o.a.j.e.StandardJMeterEngine: Starting 20 threads for group default-scenario.
2021-11-24 00:08:24,332 INFO o.a.j.e.StandardJMeterEngine: Thread will continue on error
2021-11-24 00:08:24,337 INFO o.a.j.e.StandardJMeterEngine: All thread groups have been started
2021-11-24 00:08:24,340 INFO c.b.j.t.c.ConcurrencyThreadStarter: Start supplying threads
2021-11-24 00:08:25,857 INFO o.a.j.s.SampleResult: Note: Sample TimeStamps are START times
2021-11-24 00:08:25,858 INFO o.a.j.s.SampleResult: sampleresult.default.encoding is set to UTF-8
2021-11-24 00:08:25,858 INFO o.a.j.s.SampleResult: sampleresult.useNanoTime=true
2021-11-24 00:08:25,858 INFO o.a.j.s.SampleResult: sampleresult.nanoThreadSleep=5000
2021-11-24 00:08:25,868 INFO o.a.j.t.JMeterThread: Thread started: default-scenario-ThreadStarter 1-1
2021-11-24 00:08:25,930 INFO o.a.j.p.h.s.HTTPHCAbstractImpl: Local host = 5a784fdcbf94
2021-11-24 00:08:25,945 INFO o.a.j.p.h.s.HTTPHC4Impl: HTTP request retry count = 0
2021-11-24 00:08:26,160 INFO o.a.j.p.h.s.h.LazyLayeredConnectionSocketFactory: Setting up HTTPS TrustAll Socket Factory
2021-11-24 00:08:26,175 INFO o.a.j.u.JsseSSLManager: Using default SSL protocol: TLS
2021-11-24 00:08:26,176 INFO o.a.j.u.JsseSSLManager: SSL session context: per-thread
2021-11-24 00:08:26,339 INFO o.a.j.u.SSLManager: JmeterKeyStore Location:  type JKS
2021-11-24 00:08:26,342 INFO o.a.j.u.SSLManager: KeyStore created OK
2021-11-24 00:08:26,346 WARN o.a.j.u.SSLManager: Keystore file not found, loading empty keystore
2021-11-24 00:08:28,892 INFO o.a.j.t.JMeterThread: Thread started: default-scenario-ThreadStarter 1-2
2021-11-24 00:08:31,895 INFO o.a.j.t.JMeterThread: Thread started: default-scenario-ThreadStarter 1-3
2021-11-24 00:08:34,904 INFO o.a.j.t.JMeterThread: Thread started: default-scenario-ThreadStarter 1-4
2021-11-24 00:08:37,940 INFO o.a.j.t.JMeterThread: Thread started: default-scenario-ThreadStarter 1-5
2021-11-24 00:08:40,922 INFO o.a.j.t.JMeterThread: Thread started: default-scenario-ThreadStarter 1-6
2021-11-24 00:08:43,922 INFO o.a.j.t.JMeterThread: Thread started: default-scenario-ThreadStarter 1-7
2021-11-24 00:08:46,958 INFO o.a.j.t.JMeterThread: Thread started: default-scenario-ThreadStarter 1-8
2021-11-24 00:08:49,969 INFO o.a.j.t.JMeterThread: Thread started: default-scenario-ThreadStarter 1-9
2021-11-24 00:08:52,983 INFO o.a.j.t.JMeterThread: Thread started: default-scenario-ThreadStarter 1-10
2021-11-24 00:08:55,992 INFO o.a.j.t.JMeterThread: Thread started: default-scenario-ThreadStarter 1-11
2021-11-24 00:08:59,000 INFO o.a.j.t.JMeterThread: Thread started: default-scenario-ThreadStarter 1-12
2021-11-24 00:09:02,025 INFO o.a.j.t.JMeterThread: Thread started: default-scenario-ThreadStarter 1-13
2021-11-24 00:09:05,029 INFO o.a.j.t.JMeterThread: Thread started: default-scenario-ThreadStarter 1-14
2021-11-24 00:09:08,048 INFO o.a.j.t.JMeterThread: Thread started: default-scenario-ThreadStarter 1-15
2021-11-24 00:09:11,084 INFO o.a.j.t.JMeterThread: Thread started: default-scenario-ThreadStarter 1-16
2021-11-24 00:09:14,091 INFO o.a.j.t.JMeterThread: Thread started: default-scenario-ThreadStarter 1-17
2021-11-24 00:09:17,129 INFO o.a.j.t.JMeterThread: Thread started: default-scenario-ThreadStarter 1-18
2021-11-24 00:09:20,158 INFO o.a.j.t.JMeterThread: Thread started: default-scenario-ThreadStarter 1-19
2021-11-24 00:09:23,214 INFO o.a.j.t.JMeterThread: Thread started: default-scenario-ThreadStarter 1-20
